<?xml version="1.0" encoding="UTF-8"?>
<!-- Generated by org.testng.reporters.JUnitXMLReporter -->
<testsuite ignored="0" hostname="DESKTOP-MEL0TQP" failures="1" tests="1" name="Test(failed)" time="16.907" errors="0" timestamp="2024-09-18T19:44:10 IST">
  <testcase classname="test_package_1.DownloadInvoice" name="downloadInvoiceTest" time="12.45">
    <failure type="java.lang.AssertionError" message="The following asserts failed:
	expected [true] but found [false]">
      <![CDATA[java.lang.AssertionError: The following asserts failed:
expected [true] but found [false]
at test_package_1.DownloadInvoice.downloadInvoiceTest(DownloadInvoice.java:29)
at java.base/java.util.ArrayList.forEach(ArrayList.java:1511)
... Removed 29 stack frames]]>
    </failure>
  </testcase> <!-- downloadInvoiceTest -->
</testsuite> <!-- Test(failed) -->
